<?xml version="1.0" encoding="UTF-8"?>
<!-- Generated by org.testng.reporters.JUnitReportReporter -->
<testsuite hostname="RANITA-PC" name="com.qa.mystore.tests.SearchTest" tests="2" failures="0" timestamp="5 Sep 2019 07:29:32 GMT" time="44.179" errors="0">
  <testcase name="searchTest" time="31.141" classname="com.qa.mystore.tests.SearchTest"/>
  <testcase name="verifyPageTitle" time="13.038" classname="com.qa.mystore.tests.SearchTest"/>
</testsuite> <!-- com.qa.mystore.tests.SearchTest -->
